[debug] [2022-10-24T09:57:28.349Z] ----------------------------------------------------------------------
[debug] [2022-10-24T09:57:28.351Z] Command:       C:\Node JS\node.exe C:\Users\Dmitry\AppData\Roaming\npm\node_modules\firebase-tools\lib\bin\firebase.js deploy
[debug] [2022-10-24T09:57:28.352Z] CLI Version:   11.8.0
[debug] [2022-10-24T09:57:28.352Z] Platform:      win32
[debug] [2022-10-24T09:57:28.352Z] Node Version:  v18.7.0
[debug] [2022-10-24T09:57:28.353Z] Time:          Mon Oct 24 2022 14:57:28 GMT+0500 (Екатеринбург, стандартное время)
[debug] [2022-10-24T09:57:28.353Z] ----------------------------------------------------------------------
[debug] 
[debug] [2022-10-24T09:57:28.424Z] > command requires scopes: ["email","openid","https://www.googleapis.com/auth/cloudplatformprojects.readonly","https://www.googleapis.com/auth/firebase","https://www.googleapis.com/auth/cloud-platform"]
[debug] [2022-10-24T09:57:28.425Z] > authorizing via signed-in user (itsdevelopmentru@gmail.com)
[debug] [2022-10-24T09:57:28.425Z] [iam] checking project fir-web-app-food for permissions ["firebase.projects.get","firebasehosting.sites.update"]
[debug] [2022-10-24T09:57:28.427Z] >>> [apiv2][query] POST https://cloudresourcemanager.googleapis.com/v1/projects/fir-web-app-food:testIamPermissions [none]
[debug] [2022-10-24T09:57:28.428Z] >>> [apiv2][(partial)header] POST https://cloudresourcemanager.googleapis.com/v1/projects/fir-web-app-food:testIamPermissions x-goog-quota-user=projects/fir-web-app-food
[debug] [2022-10-24T09:57:28.428Z] >>> [apiv2][body] POST https://cloudresourcemanager.googleapis.com/v1/projects/fir-web-app-food:testIamPermissions {"permissions":["firebase.projects.get","firebasehosting.sites.update"]}
[debug] [2022-10-24T09:57:29.349Z] <<< [apiv2][status] POST https://cloudresourcemanager.googleapis.com/v1/projects/fir-web-app-food:testIamPermissions 200
[debug] [2022-10-24T09:57:29.349Z] <<< [apiv2][body] POST https://cloudresourcemanager.googleapis.com/v1/projects/fir-web-app-food:testIamPermissions {"permissions":["firebase.projects.get","firebasehosting.sites.update"]}
[debug] [2022-10-24T09:57:29.350Z] >>> [apiv2][query] GET https://firebase.googleapis.com/v1beta1/projects/fir-web-app-food [none]
[debug] [2022-10-24T09:57:29.797Z] <<< [apiv2][status] GET https://firebase.googleapis.com/v1beta1/projects/fir-web-app-food 200
[debug] [2022-10-24T09:57:29.797Z] <<< [apiv2][body] GET https://firebase.googleapis.com/v1beta1/projects/fir-web-app-food {"projectId":"fir-web-app-food","projectNumber":"768885986025","displayName":"demo-web-app-food","name":"projects/fir-web-app-food","resources":{"hostingSite":"fir-web-app-food"},"state":"ACTIVE","etag":"1_66069534-e065-4bb5-bf37-97b83cf4113c"}
[info] 
[info] === Deploying to 'fir-web-app-food'...
[info] 
[info] i  deploying hosting 
[debug] [2022-10-24T09:57:29.799Z] >>> [apiv2][query] GET https://firebase.googleapis.com/v1beta1/projects/fir-web-app-food [none]
[debug] [2022-10-24T09:57:30.151Z] <<< [apiv2][status] GET https://firebase.googleapis.com/v1beta1/projects/fir-web-app-food 200
[debug] [2022-10-24T09:57:30.152Z] <<< [apiv2][body] GET https://firebase.googleapis.com/v1beta1/projects/fir-web-app-food {"projectId":"fir-web-app-food","projectNumber":"768885986025","displayName":"demo-web-app-food","name":"projects/fir-web-app-food","resources":{"hostingSite":"fir-web-app-food"},"state":"ACTIVE","etag":"1_66069534-e065-4bb5-bf37-97b83cf4113c"}
[debug] [2022-10-24T09:57:30.153Z] >>> [apiv2][query] POST https://firebasehosting.googleapis.com/v1beta1/projects/768885986025/sites/fir-web-app-food/versions [none]
[debug] [2022-10-24T09:57:30.154Z] >>> [apiv2][body] POST https://firebasehosting.googleapis.com/v1beta1/projects/768885986025/sites/fir-web-app-food/versions {"config":{},"labels":{"deployment-tool":"cli-firebase"}}
[debug] [2022-10-24T09:57:31.386Z] <<< [apiv2][status] POST https://firebasehosting.googleapis.com/v1beta1/projects/768885986025/sites/fir-web-app-food/versions 200
[debug] [2022-10-24T09:57:31.386Z] <<< [apiv2][body] POST https://firebasehosting.googleapis.com/v1beta1/projects/768885986025/sites/fir-web-app-food/versions {"name":"projects/768885986025/sites/fir-web-app-food/versions/ea59c29324bbaad4","status":"CREATED","config":{},"labels":{"deployment-tool":"cli-firebase"}}
[info] i  hosting[fir-web-app-food]: beginning deploy... 
[info] i  hosting[fir-web-app-food]: found 8 files in ./build 
[debug] [2022-10-24T09:57:31.395Z] [hosting] uploading with 200 concurrency
[debug] [2022-10-24T09:57:31.396Z] [hosting] hash cache [YnVpbGQ] not populated
[debug] [2022-10-24T09:57:31.545Z] [hosting] hash cache [YnVpbGQ] stored for 8 files
[debug] [2022-10-24T09:57:31.546Z] [hosting][hash queue][FINAL] {"max":146,"min":5,"avg":23.5,"active":0,"complete":8,"success":8,"errored":0,"retried":0,"total":8,"elapsed":148}
[debug] [2022-10-24T09:57:31.546Z] >>> [apiv2][query] POST https://firebasehosting.googleapis.com/v1beta1/projects/768885986025/sites/fir-web-app-food/versions/ea59c29324bbaad4:populateFiles [none]
[debug] [2022-10-24T09:57:31.546Z] >>> [apiv2][body] POST https://firebasehosting.googleapis.com/v1beta1/projects/768885986025/sites/fir-web-app-food/versions/ea59c29324bbaad4:populateFiles {"files":{"/index.html":"0a3388902884a98767d6111e5eba11ab476a78abd17de358d71e0ddeefea6207","/main.css":"75bd8739aa146fc76ec6e0f385a74e0e6b714d8d5d0387bd0ca113e83412ae29","/images/caramel.png":"b5a72c15270fe3c864c90b875cce1e7589d983d4aba0a08eb41d31f352059f8d","/images/chocolate.png":"6e06d125c2c3a37fe132363726fb9480a695ef6c971b6ee08e29024e252bd707","/b495bfd2de706c2e3aee.bundle.js":"49a564e6bdf9dd3b2c6ea6afbaf86a72dcf6f697c8ab239244707a612b1ad3a8","/images/coffee.png":"a792de351aaed4516e4237cf0f59a981a0f9a2c3726aca257f7a47acafc6d74f","/images/icecream.png":"4de3e97f26e716f1eab562d2d939c5933f1e6e3856f488ca81401f11b4ac0217","/83290e1c7662cc01598e.bundle.js":"f4f6f423822c44530f2163c69c78a14b602c5b883c81e82a5f4e2947f7a40dd2"}}
[debug] [2022-10-24T09:57:32.603Z] <<< [apiv2][status] POST https://firebasehosting.googleapis.com/v1beta1/projects/768885986025/sites/fir-web-app-food/versions/ea59c29324bbaad4:populateFiles 200
[debug] [2022-10-24T09:57:32.603Z] <<< [apiv2][body] POST https://firebasehosting.googleapis.com/v1beta1/projects/768885986025/sites/fir-web-app-food/versions/ea59c29324bbaad4:populateFiles {"uploadRequiredHashes":["0a3388902884a98767d6111e5eba11ab476a78abd17de358d71e0ddeefea6207","75bd8739aa146fc76ec6e0f385a74e0e6b714d8d5d0387bd0ca113e83412ae29","b5a72c15270fe3c864c90b875cce1e7589d983d4aba0a08eb41d31f352059f8d","6e06d125c2c3a37fe132363726fb9480a695ef6c971b6ee08e29024e252bd707","49a564e6bdf9dd3b2c6ea6afbaf86a72dcf6f697c8ab239244707a612b1ad3a8","a792de351aaed4516e4237cf0f59a981a0f9a2c3726aca257f7a47acafc6d74f","4de3e97f26e716f1eab562d2d939c5933f1e6e3856f488ca81401f11b4ac0217","f4f6f423822c44530f2163c69c78a14b602c5b883c81e82a5f4e2947f7a40dd2"],"uploadUrl":"https://upload-firebasehosting.googleapis.com/upload/sites/fir-web-app-food/versions/ea59c29324bbaad4/files"}
[debug] [2022-10-24T09:57:32.605Z] >>> [apiv2][query] POST https://upload-firebasehosting.googleapis.com/upload/sites/fir-web-app-food/versions/ea59c29324bbaad4/files/0a3388902884a98767d6111e5eba11ab476a78abd17de358d71e0ddeefea6207 [none]
[debug] [2022-10-24T09:57:32.605Z] >>> [apiv2][body] POST https://upload-firebasehosting.googleapis.com/upload/sites/fir-web-app-food/versions/ea59c29324bbaad4/files/0a3388902884a98767d6111e5eba11ab476a78abd17de358d71e0ddeefea6207 [stream]
[debug] [2022-10-24T09:57:32.606Z] >>> [apiv2][query] POST https://upload-firebasehosting.googleapis.com/upload/sites/fir-web-app-food/versions/ea59c29324bbaad4/files/75bd8739aa146fc76ec6e0f385a74e0e6b714d8d5d0387bd0ca113e83412ae29 [none]
[debug] [2022-10-24T09:57:32.606Z] >>> [apiv2][body] POST https://upload-firebasehosting.googleapis.com/upload/sites/fir-web-app-food/versions/ea59c29324bbaad4/files/75bd8739aa146fc76ec6e0f385a74e0e6b714d8d5d0387bd0ca113e83412ae29 [stream]
[debug] [2022-10-24T09:57:32.607Z] >>> [apiv2][query] POST https://upload-firebasehosting.googleapis.com/upload/sites/fir-web-app-food/versions/ea59c29324bbaad4/files/b5a72c15270fe3c864c90b875cce1e7589d983d4aba0a08eb41d31f352059f8d [none]
[debug] [2022-10-24T09:57:32.607Z] >>> [apiv2][body] POST https://upload-firebasehosting.googleapis.com/upload/sites/fir-web-app-food/versions/ea59c29324bbaad4/files/b5a72c15270fe3c864c90b875cce1e7589d983d4aba0a08eb41d31f352059f8d [stream]
[debug] [2022-10-24T09:57:32.608Z] >>> [apiv2][query] POST https://upload-firebasehosting.googleapis.com/upload/sites/fir-web-app-food/versions/ea59c29324bbaad4/files/6e06d125c2c3a37fe132363726fb9480a695ef6c971b6ee08e29024e252bd707 [none]
[debug] [2022-10-24T09:57:32.608Z] >>> [apiv2][body] POST https://upload-firebasehosting.googleapis.com/upload/sites/fir-web-app-food/versions/ea59c29324bbaad4/files/6e06d125c2c3a37fe132363726fb9480a695ef6c971b6ee08e29024e252bd707 [stream]
[debug] [2022-10-24T09:57:32.609Z] >>> [apiv2][query] POST https://upload-firebasehosting.googleapis.com/upload/sites/fir-web-app-food/versions/ea59c29324bbaad4/files/49a564e6bdf9dd3b2c6ea6afbaf86a72dcf6f697c8ab239244707a612b1ad3a8 [none]
[debug] [2022-10-24T09:57:32.609Z] >>> [apiv2][body] POST https://upload-firebasehosting.googleapis.com/upload/sites/fir-web-app-food/versions/ea59c29324bbaad4/files/49a564e6bdf9dd3b2c6ea6afbaf86a72dcf6f697c8ab239244707a612b1ad3a8 [stream]
[debug] [2022-10-24T09:57:32.610Z] >>> [apiv2][query] POST https://upload-firebasehosting.googleapis.com/upload/sites/fir-web-app-food/versions/ea59c29324bbaad4/files/a792de351aaed4516e4237cf0f59a981a0f9a2c3726aca257f7a47acafc6d74f [none]
[debug] [2022-10-24T09:57:32.610Z] >>> [apiv2][body] POST https://upload-firebasehosting.googleapis.com/upload/sites/fir-web-app-food/versions/ea59c29324bbaad4/files/a792de351aaed4516e4237cf0f59a981a0f9a2c3726aca257f7a47acafc6d74f [stream]
[debug] [2022-10-24T09:57:32.612Z] >>> [apiv2][query] POST https://upload-firebasehosting.googleapis.com/upload/sites/fir-web-app-food/versions/ea59c29324bbaad4/files/4de3e97f26e716f1eab562d2d939c5933f1e6e3856f488ca81401f11b4ac0217 [none]
[debug] [2022-10-24T09:57:32.612Z] >>> [apiv2][body] POST https://upload-firebasehosting.googleapis.com/upload/sites/fir-web-app-food/versions/ea59c29324bbaad4/files/4de3e97f26e716f1eab562d2d939c5933f1e6e3856f488ca81401f11b4ac0217 [stream]
[debug] [2022-10-24T09:57:32.613Z] >>> [apiv2][query] POST https://upload-firebasehosting.googleapis.com/upload/sites/fir-web-app-food/versions/ea59c29324bbaad4/files/f4f6f423822c44530f2163c69c78a14b602c5b883c81e82a5f4e2947f7a40dd2 [none]
[debug] [2022-10-24T09:57:32.613Z] >>> [apiv2][body] POST https://upload-firebasehosting.googleapis.com/upload/sites/fir-web-app-food/versions/ea59c29324bbaad4/files/f4f6f423822c44530f2163c69c78a14b602c5b883c81e82a5f4e2947f7a40dd2 [stream]
[debug] [2022-10-24T09:57:32.614Z] [hosting][populate queue][FINAL] {"max":1061,"min":1061,"avg":1061,"active":0,"complete":1,"success":1,"errored":0,"retried":0,"total":1,"elapsed":1070}
[debug] [2022-10-24T09:57:32.614Z] [hosting] uploads queued: 8
[debug] [2022-10-24T09:57:33.909Z] <<< [apiv2][status] POST https://upload-firebasehosting.googleapis.com/upload/sites/fir-web-app-food/versions/ea59c29324bbaad4/files/75bd8739aa146fc76ec6e0f385a74e0e6b714d8d5d0387bd0ca113e83412ae29 200
[debug] [2022-10-24T09:57:33.909Z] <<< [apiv2][body] POST https://upload-firebasehosting.googleapis.com/upload/sites/fir-web-app-food/versions/ea59c29324bbaad4/files/75bd8739aa146fc76ec6e0f385a74e0e6b714d8d5d0387bd0ca113e83412ae29 [stream]
[debug] [2022-10-24T09:57:33.952Z] <<< [apiv2][status] POST https://upload-firebasehosting.googleapis.com/upload/sites/fir-web-app-food/versions/ea59c29324bbaad4/files/4de3e97f26e716f1eab562d2d939c5933f1e6e3856f488ca81401f11b4ac0217 200
[debug] [2022-10-24T09:57:33.952Z] <<< [apiv2][body] POST https://upload-firebasehosting.googleapis.com/upload/sites/fir-web-app-food/versions/ea59c29324bbaad4/files/4de3e97f26e716f1eab562d2d939c5933f1e6e3856f488ca81401f11b4ac0217 [stream]
[debug] [2022-10-24T09:57:34.178Z] <<< [apiv2][status] POST https://upload-firebasehosting.googleapis.com/upload/sites/fir-web-app-food/versions/ea59c29324bbaad4/files/0a3388902884a98767d6111e5eba11ab476a78abd17de358d71e0ddeefea6207 200
[debug] [2022-10-24T09:57:34.178Z] <<< [apiv2][body] POST https://upload-firebasehosting.googleapis.com/upload/sites/fir-web-app-food/versions/ea59c29324bbaad4/files/0a3388902884a98767d6111e5eba11ab476a78abd17de358d71e0ddeefea6207 [stream]
[debug] [2022-10-24T09:57:34.495Z] <<< [apiv2][status] POST https://upload-firebasehosting.googleapis.com/upload/sites/fir-web-app-food/versions/ea59c29324bbaad4/files/a792de351aaed4516e4237cf0f59a981a0f9a2c3726aca257f7a47acafc6d74f 200
[debug] [2022-10-24T09:57:34.495Z] <<< [apiv2][body] POST https://upload-firebasehosting.googleapis.com/upload/sites/fir-web-app-food/versions/ea59c29324bbaad4/files/a792de351aaed4516e4237cf0f59a981a0f9a2c3726aca257f7a47acafc6d74f [stream]
[debug] [2022-10-24T09:57:34.924Z] <<< [apiv2][status] POST https://upload-firebasehosting.googleapis.com/upload/sites/fir-web-app-food/versions/ea59c29324bbaad4/files/6e06d125c2c3a37fe132363726fb9480a695ef6c971b6ee08e29024e252bd707 200
[debug] [2022-10-24T09:57:34.924Z] <<< [apiv2][body] POST https://upload-firebasehosting.googleapis.com/upload/sites/fir-web-app-food/versions/ea59c29324bbaad4/files/6e06d125c2c3a37fe132363726fb9480a695ef6c971b6ee08e29024e252bd707 [stream]
[debug] [2022-10-24T09:57:35.040Z] <<< [apiv2][status] POST https://upload-firebasehosting.googleapis.com/upload/sites/fir-web-app-food/versions/ea59c29324bbaad4/files/b5a72c15270fe3c864c90b875cce1e7589d983d4aba0a08eb41d31f352059f8d 200
[debug] [2022-10-24T09:57:35.040Z] <<< [apiv2][body] POST https://upload-firebasehosting.googleapis.com/upload/sites/fir-web-app-food/versions/ea59c29324bbaad4/files/b5a72c15270fe3c864c90b875cce1e7589d983d4aba0a08eb41d31f352059f8d [stream]
